
==================================================
Summary of pdb4amber for: .
===================================================

==================================================
Summary of pdb4amber for: .
===================================================

==================================================
Summary of pdb4amber for: ../ARCHIVOS/CRISTALES/PROT_CDK2_MODELOS_modeller_NoPrep/1aq1_MODLL.pdb
===================================================

----------Chains
The following (original) chains have been found:


---------- Alternate Locations (Original Residues!))

The following residues had alternate locations:
None

---------- Mising heavy atom(s)

None

==================================================
Summary of pdb4amber for: ../ARCHIVOS/CRISTALES/PROT_CDK2_MODELOS_modeller_NoPrep/1aq1_MODLL.pdb
===================================================

----------Chains
The following (original) chains have been found:


---------- Alternate Locations (Original Residues!))

The following residues had alternate locations:
None

---------- Mising heavy atom(s)

None
